
################### Begin Area Report (top_level)######################
Number of register bits => 33 of 12687 (0 % )
CCU2C => 22
FD1S3AX => 1
FD1S3IX => 32
GSR => 1
IB => 2
LUT4 => 11
OB => 13
################### End Area Report ##################

################### Begin Clock Report ######################
Clock Nets
Number of Clocks: 1
  Net : clk_c, loads : 33
Clock Enable Nets
Number of Clock Enables: 0
Top 0 highest fanout Clock Enables:
Highest fanout non-clock nets
Top 10 highest fanout non-clock nets:
  Net : clk_div_inst/n135, loads : 33
  Net : clk_div_inst/counter3_29, loads : 2
  Net : clk_div_inst/counter3_30, loads : 2
  Net : clk_div_inst/counter3_27, loads : 2
  Net : clk_div_inst/counter3_28, loads : 2
  Net : clk_div_inst/counter3_25, loads : 2
  Net : clk_div_inst/counter3_26, loads : 2
  Net : clk_div_inst/counter3_23, loads : 2
  Net : clk_div_inst/counter3_24, loads : 2
  Net : clk_div_inst/counter3_21, loads : 2
################### End Clock Report ##################
