
*** Running vivado
    with args -log top_level.vds -m64 -product Vivado -mode batch -messageDb vivado.pb -notrace -source top_level.tcl



****** Vivado v2025.2 (64-bit)
  **** SW Build 6299465 on Fri Nov 14 19:35:11 GMT 2025
  **** IP Build 6300035 on Fri Nov 14 10:48:45 MST 2025
  **** SharedData Build 6298862 on Thu Nov 13 04:50:51 MST 2025
  **** Start of session at: Sun May 24 17:24:32 2026
    ** Copyright 1986-2022 Xilinx, Inc. All Rights Reserved.
    ** Copyright 2022-2025 Advanced Micro Devices, Inc. All Rights Reserved.

source top_level.tcl -notrace
create_project: Time (s): cpu = 00:00:11 ; elapsed = 00:00:10 . Memory (MB): peak = 643.898 ; gain = 256.215
INFO: [IP_Flow 19-234] Refreshing IP repositories
INFO: [IP_Flow 19-1700] Loaded user IP repository 'c:/Users/bende/Documents/vivado-library-master'.
INFO: [IP_Flow 19-2313] Loaded Vivado IP repository 'C:/AMDDesignTools/2025.2/Vivado/data/ip'.
WARNING: [IP_Flow 19-4995] The host OS only allows 260 characters in a normal path. The IP cache path is more than 80 characters. If you experience issues with IP caching, please consider changing the IP cache to a location with a shorter path. Alternately consider using the OS subst command to map part of the path to a drive letter. 
Current IP cache path is c:/Users/bende/Documents/GitHub/FPGA-project/Gateware_Xilinx_Zynq/fpga project/fpga project.cache/ip 
Command: read_checkpoint -auto_incremental -incremental {C:/Users/bende/Documents/GitHub/FPGA-project/Gateware_Xilinx_Zynq/fpga project/fpga project.srcs/utils_1/imports/synth_1/clock_divider.dcp}
INFO: [Vivado 12-5825] Read reference checkpoint from C:/Users/bende/Documents/GitHub/FPGA-project/Gateware_Xilinx_Zynq/fpga project/fpga project.srcs/utils_1/imports/synth_1/clock_divider.dcp for incremental synthesis
INFO: [Vivado 12-7989] Please ensure there are no constraint changes
Command: synth_design -top top_level -part xc7z020clg400-1
Starting synth_design
Attempting to get a license for feature 'Synthesis' and/or device 'xc7z020'
INFO: [Common 17-349] Got license for feature 'Synthesis' and/or device 'xc7z020'
INFO: [Device 21-403] Loading part xc7z020clg400-1
INFO: [Designutils 20-5440] No compile time benefit to using incremental synthesis; A full resynthesis will be run
INFO: [Designutils 20-4379] Flow is switching to default flow due to incremental criteria not met. If you would like to alter this behaviour and have the flow terminate instead, please set the following parameter config_implementation {autoIncr.Synth.RejectBehavior Terminate}
INFO: [Synth 8-7079] Multithreading enabled for synth_design using a maximum of 2 processes.
INFO: [Synth 8-7078] Launching helper process for spawning children vivado processes
INFO: [Synth 8-7075] Helper process launched with PID 4524
---------------------------------------------------------------------------------
Starting RTL Elaboration : Time (s): cpu = 00:00:07 ; elapsed = 00:00:08 . Memory (MB): peak = 1437.723 ; gain = 541.895
---------------------------------------------------------------------------------
INFO: [Synth 8-638] synthesizing module 'top_level' [C:/Users/bende/Documents/GitHub/FPGA-project/Gateware_Xilinx_Zynq/fpga project/fpga project.srcs/sources_1/new/top.vhd:21]
INFO: [Synth 8-3491] module 'clock_divider' declared at 'C:/Users/bende/Documents/GitHub/FPGA-project/Gateware_Xilinx_Zynq/fpga project/fpga project.srcs/sources_1/new/clockdivider_2out.vhd:15' bound to instance 'clk_div_inst' of component 'clock_divider' [C:/Users/bende/Documents/GitHub/FPGA-project/Gateware_Xilinx_Zynq/fpga project/fpga project.srcs/sources_1/new/top.vhd:115]
INFO: [Synth 8-638] synthesizing module 'clock_divider' [C:/Users/bende/Documents/GitHub/FPGA-project/Gateware_Xilinx_Zynq/fpga project/fpga project.srcs/sources_1/new/clockdivider_2out.vhd:30]
INFO: [Synth 8-256] done synthesizing module 'clock_divider' (0#1) [C:/Users/bende/Documents/GitHub/FPGA-project/Gateware_Xilinx_Zynq/fpga project/fpga project.srcs/sources_1/new/clockdivider_2out.vhd:30]
INFO: [Synth 8-3491] module 'dithering' declared at 'C:/Users/bende/Documents/GitHub/FPGA-project/Gateware_Xilinx_Zynq/fpga project/fpga project.srcs/sources_1/new/dithering.vhd:27' bound to instance 'dithering_inst' of component 'dithering' [C:/Users/bende/Documents/GitHub/FPGA-project/Gateware_Xilinx_Zynq/fpga project/fpga project.srcs/sources_1/new/top.vhd:127]
INFO: [Synth 8-638] synthesizing module 'dithering' [C:/Users/bende/Documents/GitHub/FPGA-project/Gateware_Xilinx_Zynq/fpga project/fpga project.srcs/sources_1/new/dithering.vhd:41]
INFO: [Synth 8-256] done synthesizing module 'dithering' (0#1) [C:/Users/bende/Documents/GitHub/FPGA-project/Gateware_Xilinx_Zynq/fpga project/fpga project.srcs/sources_1/new/dithering.vhd:41]
WARNING: [Synth 8-5640] Port 'matrix_latch_clock_in' is missing in component declaration [C:/Users/bende/Documents/GitHub/FPGA-project/Gateware_Xilinx_Zynq/fpga project/fpga project.srcs/sources_1/new/top.vhd:89]
INFO: [Synth 8-3491] module 'hub75E_driver' declared at 'C:/Users/bende/Documents/GitHub/FPGA-project/Gateware_Xilinx_Zynq/fpga project/fpga project.srcs/sources_1/new/MatrixLogic.vhd:34' bound to instance 'hub75_inst' of component 'hub75E_driver' [C:/Users/bende/Documents/GitHub/FPGA-project/Gateware_Xilinx_Zynq/fpga project/fpga project.srcs/sources_1/new/top.vhd:146]
INFO: [Synth 8-638] synthesizing module 'hub75E_driver' [C:/Users/bende/Documents/GitHub/FPGA-project/Gateware_Xilinx_Zynq/fpga project/fpga project.srcs/sources_1/new/MatrixLogic.vhd:48]
INFO: [Synth 8-256] done synthesizing module 'hub75E_driver' (0#1) [C:/Users/bende/Documents/GitHub/FPGA-project/Gateware_Xilinx_Zynq/fpga project/fpga project.srcs/sources_1/new/MatrixLogic.vhd:48]
INFO: [Synth 8-256] done synthesizing module 'top_level' (0#1) [C:/Users/bende/Documents/GitHub/FPGA-project/Gateware_Xilinx_Zynq/fpga project/fpga project.srcs/sources_1/new/top.vhd:21]
WARNING: [Synth 8-3848] Net R1 in module/entity hub75E_driver does not have driver. [C:/Users/bende/Documents/GitHub/FPGA-project/Gateware_Xilinx_Zynq/fpga project/fpga project.srcs/sources_1/new/MatrixLogic.vhd:42]
WARNING: [Synth 8-3848] Net G1 in module/entity hub75E_driver does not have driver. [C:/Users/bende/Documents/GitHub/FPGA-project/Gateware_Xilinx_Zynq/fpga project/fpga project.srcs/sources_1/new/MatrixLogic.vhd:42]
WARNING: [Synth 8-3848] Net B1 in module/entity hub75E_driver does not have driver. [C:/Users/bende/Documents/GitHub/FPGA-project/Gateware_Xilinx_Zynq/fpga project/fpga project.srcs/sources_1/new/MatrixLogic.vhd:42]
WARNING: [Synth 8-3848] Net R2 in module/entity hub75E_driver does not have driver. [C:/Users/bende/Documents/GitHub/FPGA-project/Gateware_Xilinx_Zynq/fpga project/fpga project.srcs/sources_1/new/MatrixLogic.vhd:42]
WARNING: [Synth 8-3848] Net G2 in module/entity hub75E_driver does not have driver. [C:/Users/bende/Documents/GitHub/FPGA-project/Gateware_Xilinx_Zynq/fpga project/fpga project.srcs/sources_1/new/MatrixLogic.vhd:42]
WARNING: [Synth 8-3848] Net B2 in module/entity hub75E_driver does not have driver. [C:/Users/bende/Documents/GitHub/FPGA-project/Gateware_Xilinx_Zynq/fpga project/fpga project.srcs/sources_1/new/MatrixLogic.vhd:42]
WARNING: [Synth 8-3848] Net A in module/entity hub75E_driver does not have driver. [C:/Users/bende/Documents/GitHub/FPGA-project/Gateware_Xilinx_Zynq/fpga project/fpga project.srcs/sources_1/new/MatrixLogic.vhd:43]
WARNING: [Synth 8-3848] Net B in module/entity hub75E_driver does not have driver. [C:/Users/bende/Documents/GitHub/FPGA-project/Gateware_Xilinx_Zynq/fpga project/fpga project.srcs/sources_1/new/MatrixLogic.vhd:43]
WARNING: [Synth 8-3848] Net C in module/entity hub75E_driver does not have driver. [C:/Users/bende/Documents/GitHub/FPGA-project/Gateware_Xilinx_Zynq/fpga project/fpga project.srcs/sources_1/new/MatrixLogic.vhd:43]
WARNING: [Synth 8-3848] Net D in module/entity hub75E_driver does not have driver. [C:/Users/bende/Documents/GitHub/FPGA-project/Gateware_Xilinx_Zynq/fpga project/fpga project.srcs/sources_1/new/MatrixLogic.vhd:43]
WARNING: [Synth 8-3848] Net E in module/entity hub75E_driver does not have driver. [C:/Users/bende/Documents/GitHub/FPGA-project/Gateware_Xilinx_Zynq/fpga project/fpga project.srcs/sources_1/new/MatrixLogic.vhd:43]
WARNING: [Synth 8-3848] Net LAT in module/entity hub75E_driver does not have driver. [C:/Users/bende/Documents/GitHub/FPGA-project/Gateware_Xilinx_Zynq/fpga project/fpga project.srcs/sources_1/new/MatrixLogic.vhd:44]
WARNING: [Synth 8-3848] Net OE in module/entity hub75E_driver does not have driver. [C:/Users/bende/Documents/GitHub/FPGA-project/Gateware_Xilinx_Zynq/fpga project/fpga project.srcs/sources_1/new/MatrixLogic.vhd:44]
WARNING: [Synth 8-3848] Net matrix_latch_clock_IN in module/entity hub75E_driver does not have driver. [C:/Users/bende/Documents/GitHub/FPGA-project/Gateware_Xilinx_Zynq/fpga project/fpga project.srcs/sources_1/new/MatrixLogic.vhd:44]
WARNING: [Synth 8-3848] Net x in module/entity top_level does not have driver. [C:/Users/bende/Documents/GitHub/FPGA-project/Gateware_Xilinx_Zynq/fpga project/fpga project.srcs/sources_1/new/top.vhd:35]
WARNING: [Synth 8-3848] Net y in module/entity top_level does not have driver. [C:/Users/bende/Documents/GitHub/FPGA-project/Gateware_Xilinx_Zynq/fpga project/fpga project.srcs/sources_1/new/top.vhd:36]
WARNING: [Synth 8-3848] Net R_in in module/entity top_level does not have driver. [C:/Users/bende/Documents/GitHub/FPGA-project/Gateware_Xilinx_Zynq/fpga project/fpga project.srcs/sources_1/new/top.vhd:43]
WARNING: [Synth 8-3848] Net G_in in module/entity top_level does not have driver. [C:/Users/bende/Documents/GitHub/FPGA-project/Gateware_Xilinx_Zynq/fpga project/fpga project.srcs/sources_1/new/top.vhd:44]
WARNING: [Synth 8-3848] Net B_in in module/entity top_level does not have driver. [C:/Users/bende/Documents/GitHub/FPGA-project/Gateware_Xilinx_Zynq/fpga project/fpga project.srcs/sources_1/new/top.vhd:45]
WARNING: [Synth 8-7129] Port R1 in module hub75E_driver is either unconnected or has no load
WARNING: [Synth 8-7129] Port G1 in module hub75E_driver is either unconnected or has no load
WARNING: [Synth 8-7129] Port B1 in module hub75E_driver is either unconnected or has no load
WARNING: [Synth 8-7129] Port R2 in module hub75E_driver is either unconnected or has no load
WARNING: [Synth 8-7129] Port G2 in module hub75E_driver is either unconnected or has no load
WARNING: [Synth 8-7129] Port B2 in module hub75E_driver is either unconnected or has no load
WARNING: [Synth 8-7129] Port A in module hub75E_driver is either unconnected or has no load
WARNING: [Synth 8-7129] Port B in module hub75E_driver is either unconnected or has no load
WARNING: [Synth 8-7129] Port C in module hub75E_driver is either unconnected or has no load
WARNING: [Synth 8-7129] Port D in module hub75E_driver is either unconnected or has no load
WARNING: [Synth 8-7129] Port E in module hub75E_driver is either unconnected or has no load
WARNING: [Synth 8-7129] Port LAT in module hub75E_driver is either unconnected or has no load
WARNING: [Synth 8-7129] Port OE in module hub75E_driver is either unconnected or has no load
WARNING: [Synth 8-7129] Port matrix_latch_clock_IN in module hub75E_driver is either unconnected or has no load
WARNING: [Synth 8-7129] Port R_in_matrix[2] in module hub75E_driver is either unconnected or has no load
WARNING: [Synth 8-7129] Port R_in_matrix[1] in module hub75E_driver is either unconnected or has no load
WARNING: [Synth 8-7129] Port R_in_matrix[0] in module hub75E_driver is either unconnected or has no load
WARNING: [Synth 8-7129] Port G_in_matrix[2] in module hub75E_driver is either unconnected or has no load
WARNING: [Synth 8-7129] Port G_in_matrix[1] in module hub75E_driver is either unconnected or has no load
WARNING: [Synth 8-7129] Port G_in_matrix[0] in module hub75E_driver is either unconnected or has no load
WARNING: [Synth 8-7129] Port B_in_matrix[1] in module hub75E_driver is either unconnected or has no load
WARNING: [Synth 8-7129] Port B_in_matrix[0] in module hub75E_driver is either unconnected or has no load
WARNING: [Synth 8-7129] Port clockIN_matrix in module hub75E_driver is either unconnected or has no load
---------------------------------------------------------------------------------
Finished RTL Elaboration : Time (s): cpu = 00:00:09 ; elapsed = 00:00:10 . Memory (MB): peak = 1556.488 ; gain = 660.660
---------------------------------------------------------------------------------
---------------------------------------------------------------------------------
Start Handling Custom Attributes
---------------------------------------------------------------------------------
---------------------------------------------------------------------------------
Finished Handling Custom Attributes : Time (s): cpu = 00:00:10 ; elapsed = 00:00:10 . Memory (MB): peak = 1556.488 ; gain = 660.660
---------------------------------------------------------------------------------
---------------------------------------------------------------------------------
Finished RTL Optimization Phase 1 : Time (s): cpu = 00:00:10 ; elapsed = 00:00:10 . Memory (MB): peak = 1556.488 ; gain = 660.660
---------------------------------------------------------------------------------
Netlist sorting complete. Time (s): cpu = 00:00:00 ; elapsed = 00:00:00.007 . Memory (MB): peak = 1556.488 ; gain = 0.000
INFO: [Project 1-570] Preparing netlist for logic optimization

Processing XDC Constraints
Initializing timing engine
Parsing XDC File [C:/Users/bende/Documents/GitHub/FPGA-project/Gateware_Xilinx_Zynq/fpga project/fpga project.srcs/constrs_1/new/Constraint.xdc]
CRITICAL WARNING: [Netlist 29-177] Cannot set property 'PACKAGE_Pout' because the property does not exist. [C:/Users/bende/Documents/GitHub/FPGA-project/Gateware_Xilinx_Zynq/fpga project/fpga project.srcs/constrs_1/new/Constraint.xdc:7]
Resolution: Create this property using create_property command before setting it.
Finished Parsing XDC File [C:/Users/bende/Documents/GitHub/FPGA-project/Gateware_Xilinx_Zynq/fpga project/fpga project.srcs/constrs_1/new/Constraint.xdc]
INFO: [Project 1-236] Implementation specific constraints were found while reading constraint file [C:/Users/bende/Documents/GitHub/FPGA-project/Gateware_Xilinx_Zynq/fpga project/fpga project.srcs/constrs_1/new/Constraint.xdc]. These constraints will be ignored for synthesis but will be used in implementation. Impacted constraints are listed in the file [.Xil/top_level_propImpl.xdc].
Resolution: To avoid this warning, move constraints listed in [.Xil/top_level_propImpl.xdc] to another XDC file and exclude this new file from synthesis with the used_in_synthesis property (File Properties dialog in GUI) and re-run elaboration/synthesis.
Completed Processing XDC Constraints

Netlist sorting complete. Time (s): cpu = 00:00:00 ; elapsed = 00:00:00 . Memory (MB): peak = 1600.023 ; gain = 0.000
INFO: [Project 1-111] Unisim Transformation Summary:
No Unisim elements were transformed.

Constraint Validation Runtime : Time (s): cpu = 00:00:00 ; elapsed = 00:00:00.005 . Memory (MB): peak = 1600.023 ; gain = 0.000
INFO: [Designutils 20-5440] No compile time benefit to using incremental synthesis; A full resynthesis will be run
INFO: [Designutils 20-4379] Flow is switching to default flow due to incremental criteria not met. If you would like to alter this behaviour and have the flow terminate instead, please set the following parameter config_implementation {autoIncr.Synth.RejectBehavior Terminate}
---------------------------------------------------------------------------------
Finished Constraint Validation : Time (s): cpu = 00:00:19 ; elapsed = 00:00:21 . Memory (MB): peak = 1600.023 ; gain = 704.195
---------------------------------------------------------------------------------
---------------------------------------------------------------------------------
Start Loading Part and Timing Information
---------------------------------------------------------------------------------
Loading part: xc7z020clg400-1
---------------------------------------------------------------------------------
Finished Loading Part and Timing Information : Time (s): cpu = 00:00:19 ; elapsed = 00:00:21 . Memory (MB): peak = 1600.023 ; gain = 704.195
---------------------------------------------------------------------------------
---------------------------------------------------------------------------------
Start Applying 'set_property' XDC Constraints
---------------------------------------------------------------------------------
---------------------------------------------------------------------------------
Finished applying 'set_property' XDC Constraints : Time (s): cpu = 00:00:19 ; elapsed = 00:00:21 . Memory (MB): peak = 1600.023 ; gain = 704.195
---------------------------------------------------------------------------------
---------------------------------------------------------------------------------
Finished RTL Optimization Phase 2 : Time (s): cpu = 00:00:20 ; elapsed = 00:00:21 . Memory (MB): peak = 1600.023 ; gain = 704.195
---------------------------------------------------------------------------------
---------------------------------------------------------------------------------
Start RTL Component Statistics 
---------------------------------------------------------------------------------
Detailed RTL Component Info : 
+---Adders : 
	   2 Input   32 Bit       Adders := 3     
+---Registers : 
	               32 Bit    Registers := 3     
	                3 Bit    Registers := 2     
	                2 Bit    Registers := 1     
	                1 Bit    Registers := 3     
+---Muxes : 
	   2 Input   31 Bit        Muxes := 3     
	   4 Input    6 Bit        Muxes := 1     
	   4 Input    5 Bit        Muxes := 4     
---------------------------------------------------------------------------------
Finished RTL Component Statistics 
---------------------------------------------------------------------------------
---------------------------------------------------------------------------------
Start Part Resource Summary
---------------------------------------------------------------------------------
Part Resources:
DSPs: 220 (col length:60)
BRAMs: 280 (col length: RAMB18 60 RAMB36 30)
---------------------------------------------------------------------------------
Finished Part Resource Summary
---------------------------------------------------------------------------------
---------------------------------------------------------------------------------
Start Cross Boundary and Area Optimization
---------------------------------------------------------------------------------
WARNING: [Synth 8-7129] Port R1 in module top_level is either unconnected or has no load
WARNING: [Synth 8-7129] Port G1 in module top_level is either unconnected or has no load
WARNING: [Synth 8-7129] Port B1 in module top_level is either unconnected or has no load
WARNING: [Synth 8-7129] Port R2 in module top_level is either unconnected or has no load
WARNING: [Synth 8-7129] Port G2 in module top_level is either unconnected or has no load
WARNING: [Synth 8-7129] Port B2 in module top_level is either unconnected or has no load
WARNING: [Synth 8-7129] Port A in module top_level is either unconnected or has no load
WARNING: [Synth 8-7129] Port B in module top_level is either unconnected or has no load
WARNING: [Synth 8-7129] Port C in module top_level is either unconnected or has no load
WARNING: [Synth 8-7129] Port D in module top_level is either unconnected or has no load
WARNING: [Synth 8-7129] Port E in module top_level is either unconnected or has no load
WARNING: [Synth 8-7129] Port LAT in module top_level is either unconnected or has no load
WARNING: [Synth 8-7129] Port OE in module top_level is either unconnected or has no load
---------------------------------------------------------------------------------
Finished Cross Boundary and Area Optimization : Time (s): cpu = 00:00:23 ; elapsed = 00:00:25 . Memory (MB): peak = 1600.023 ; gain = 704.195
---------------------------------------------------------------------------------
---------------------------------------------------------------------------------
Start Applying XDC Timing Constraints
---------------------------------------------------------------------------------
---------------------------------------------------------------------------------
Finished Applying XDC Timing Constraints : Time (s): cpu = 00:00:30 ; elapsed = 00:00:32 . Memory (MB): peak = 1745.113 ; gain = 849.285
---------------------------------------------------------------------------------
---------------------------------------------------------------------------------
Start Timing Optimization
---------------------------------------------------------------------------------
---------------------------------------------------------------------------------
Finished Timing Optimization : Time (s): cpu = 00:00:30 ; elapsed = 00:00:32 . Memory (MB): peak = 1745.113 ; gain = 849.285
---------------------------------------------------------------------------------
---------------------------------------------------------------------------------
Start Technology Mapping
---------------------------------------------------------------------------------
---------------------------------------------------------------------------------
Finished Technology Mapping : Time (s): cpu = 00:00:30 ; elapsed = 00:00:32 . Memory (MB): peak = 1754.664 ; gain = 858.836
---------------------------------------------------------------------------------
---------------------------------------------------------------------------------
Start IO Insertion
---------------------------------------------------------------------------------
---------------------------------------------------------------------------------
Start Flattening Before IO Insertion
---------------------------------------------------------------------------------
---------------------------------------------------------------------------------
Finished Flattening Before IO Insertion
---------------------------------------------------------------------------------
---------------------------------------------------------------------------------
Start Final Netlist Cleanup
---------------------------------------------------------------------------------
---------------------------------------------------------------------------------
Finished Final Netlist Cleanup
---------------------------------------------------------------------------------
---------------------------------------------------------------------------------
Finished IO Insertion : Time (s): cpu = 00:00:36 ; elapsed = 00:00:37 . Memory (MB): peak = 2003.773 ; gain = 1107.945
---------------------------------------------------------------------------------
---------------------------------------------------------------------------------
Start Renaming Generated Instances
---------------------------------------------------------------------------------
---------------------------------------------------------------------------------
Finished Renaming Generated Instances : Time (s): cpu = 00:00:36 ; elapsed = 00:00:37 . Memory (MB): peak = 2003.773 ; gain = 1107.945
---------------------------------------------------------------------------------
---------------------------------------------------------------------------------
Start Rebuilding User Hierarchy
---------------------------------------------------------------------------------
---------------------------------------------------------------------------------
Finished Rebuilding User Hierarchy : Time (s): cpu = 00:00:36 ; elapsed = 00:00:37 . Memory (MB): peak = 2003.773 ; gain = 1107.945
---------------------------------------------------------------------------------
---------------------------------------------------------------------------------
Start Renaming Generated Ports
---------------------------------------------------------------------------------
---------------------------------------------------------------------------------
Finished Renaming Generated Ports : Time (s): cpu = 00:00:36 ; elapsed = 00:00:37 . Memory (MB): peak = 2003.773 ; gain = 1107.945
---------------------------------------------------------------------------------
---------------------------------------------------------------------------------
Start Handling Custom Attributes
---------------------------------------------------------------------------------
---------------------------------------------------------------------------------
Finished Handling Custom Attributes : Time (s): cpu = 00:00:36 ; elapsed = 00:00:37 . Memory (MB): peak = 2003.773 ; gain = 1107.945
---------------------------------------------------------------------------------
---------------------------------------------------------------------------------
Start Renaming Generated Nets
---------------------------------------------------------------------------------
---------------------------------------------------------------------------------
Finished Renaming Generated Nets : Time (s): cpu = 00:00:36 ; elapsed = 00:00:37 . Memory (MB): peak = 2003.773 ; gain = 1107.945
---------------------------------------------------------------------------------
---------------------------------------------------------------------------------
Start Writing Synthesis Report
---------------------------------------------------------------------------------

Report BlackBoxes: 
+-+--------------+----------+
| |BlackBox name |Instances |
+-+--------------+----------+
+-+--------------+----------+

Report Cell Usage: 
+------+------+------+
|      |Cell  |Count |
+------+------+------+
|1     |OBUFT |    13|
+------+------+------+
---------------------------------------------------------------------------------
Finished Writing Synthesis Report : Time (s): cpu = 00:00:36 ; elapsed = 00:00:37 . Memory (MB): peak = 2003.773 ; gain = 1107.945
---------------------------------------------------------------------------------
Synthesis finished with 0 errors, 0 critical warnings and 13 warnings.
Synthesis Optimization Runtime : Time (s): cpu = 00:00:24 ; elapsed = 00:00:35 . Memory (MB): peak = 2003.773 ; gain = 1064.410
Synthesis Optimization Complete : Time (s): cpu = 00:00:36 ; elapsed = 00:00:38 . Memory (MB): peak = 2003.773 ; gain = 1107.945
INFO: [Project 1-571] Translating synthesized netlist
Netlist sorting complete. Time (s): cpu = 00:00:00 ; elapsed = 00:00:00 . Memory (MB): peak = 2012.902 ; gain = 0.000
INFO: [Project 1-570] Preparing netlist for logic optimization
INFO: [Opt 31-138] Pushed 0 inverter(s) to 0 load pin(s).
Netlist sorting complete. Time (s): cpu = 00:00:00 ; elapsed = 00:00:00 . Memory (MB): peak = 2016.551 ; gain = 0.000
INFO: [Project 1-111] Unisim Transformation Summary:
No Unisim elements were transformed.

Synth Design complete | Checksum: 7bcb3375
INFO: [Common 17-83] Releasing license: Synthesis
33 Infos, 57 Warnings, 1 Critical Warnings and 0 Errors encountered.
synth_design completed successfully
synth_design: Time (s): cpu = 00:00:41 ; elapsed = 00:00:56 . Memory (MB): peak = 2016.551 ; gain = 1351.328
INFO: [runtcl-6] Synthesis results are not added to the cache due to CRITICAL_WARNING
Write ShapeDB Complete: Time (s): cpu = 00:00:00 ; elapsed = 00:00:00.001 . Memory (MB): peak = 2016.551 ; gain = 0.000
INFO: [Common 17-1381] The checkpoint 'C:/Users/bende/Documents/GitHub/FPGA-project/Gateware_Xilinx_Zynq/fpga project/fpga project.runs/synth_1/top_level.dcp' has been generated.
INFO: [Vivado 12-24828] Executing command : report_utilization -file top_level_utilization_synth.rpt -pb top_level_utilization_synth.pb
INFO: [Common 17-206] Exiting Vivado at Sun May 24 17:25:50 2026...
